#
# There is insufficient memory for the Java Runtime Environment to continue.
# Native memory allocation (mmap) failed to map 264241152 bytes for G1 virtual space
# Possible reasons:
#   The system is out of physical RAM or swap space
#   The process is running with CompressedOops enabled, and the Java Heap may be blocking the growth of the native heap
# Possible solutions:
#   Reduce memory load on the system
#   Increase physical memory or swap space
#   Check if swap backing store is full
#   Decrease Java heap size (-Xmx/-Xms)
#   Decrease number of Java threads
#   Decrease Java thread stack sizes (-Xss)
#   Set larger code cache with -XX:ReservedCodeCacheSize=
#   JVM is running with Zero Based Compressed Oops mode in which the Java heap is
#     placed in the first 32GB address space. The Java Heap base address is the
#     maximum limit for the native heap growth. Please use -XX:HeapBaseMinAddress
#     to set the Java Heap base and to place the Java Heap above 32GB virtual address.
# This output file may be truncated or incomplete.
#
#  Out of Memory Error (os_windows.cpp:3528), pid=8144, tid=3880
#
# JRE version:  (20.0.2+9) (build )
# Java VM: Java HotSpot(TM) 64-Bit Server VM (20.0.2+9-78, mixed mode, sharing, tiered, compressed oops, compressed class ptrs, g1 gc, windows-amd64)
# No core dump will be written. Minidumps are not enabled by default on client versions of Windows
#

---------------  S U M M A R Y ------------

Command Line: -javaagent:E:\IntelliJ IDEA 2023.2.2\lib\idea_rt.jar=56891:E:\IntelliJ IDEA 2023.2.2\bin -Dfile.encoding=UTF-8 -Dsun.stdout.encoding=UTF-8 -Dsun.stderr.encoding=UTF-8 Client.Client

Host: 12th Gen Intel(R) Core(TM) i7-12700H, 20 cores, 15G,  Windows 11 , 64 bit Build 22621 (10.0.22621.2506)
Time: Thu Dec 28 03:57:51 2023 Iran Standard Time elapsed time: 0.019018 seconds (0d 0h 0m 0s)

---------------  T H R E A D  ---------------

Current thread (0x00000179d1f3c290):  JavaThread "Unknown thread" [_thread_in_vm, id=3880, stack(0x000000357c500000,0x000000357c600000)]

Stack: [0x000000357c500000,0x000000357c600000]
Native frames: (J=compiled Java code, j=interpreted, Vv=VM code, C=native code)
V  [jvm.dll+0x6bc25a]
V  [jvm.dll+0x84971a]
V  [jvm.dll+0x84b315]
V  [jvm.dll+0x84ba13]
V  [jvm.dll+0x280e4f]
V  [jvm.dll+0x6b8fe9]
V  [jvm.dll+0x6adbca]
V  [jvm.dll+0x35b165]
V  [jvm.dll+0x363386]
V  [jvm.dll+0x3b400e]
V  [jvm.dll+0x3b4295]
V  [jvm.dll+0x32b86a]
V  [jvm.dll+0x32c68b]
V  [jvm.dll+0x8123df]
V  [jvm.dll+0x3c1261]
V  [jvm.dll+0x7fe103]
V  [jvm.dll+0x44ccaf]
V  [jvm.dll+0x44e621]
C  [jli.dll+0x5287]
C  [ucrtbase.dll+0x29363]
C  [KERNEL32.DLL+0x1257d]
C  [ntdll.dll+0x5aa58]


---------------  P R O C E S S  ---------------

Threads class SMR info:
_java_thread_list=0x00007ffdd5e5b118, length=0, elements={
}

Java Threads: ( => current thread )

Other Threads:
  0x00000179d1faa8c0 WorkerThread "GC Thread#0" [stack: 0x000000357c600000,0x000000357c700000] [id=1776]
  0x00000179d1fbb3b0 ConcurrentGCThread "G1 Main Marker" [stack: 0x000000357c700000,0x000000357c800000] [id=11712]
  0x00000179d1fbc100 WorkerThread "G1 Conc#0" [stack: 0x000000357c800000,0x000000357c900000] [id=19228]

[error occurred during error reporting (printing all threads), id 0xc0000005, EXCEPTION_ACCESS_VIOLATION (0xc0000005) at pc=0x00007ffdd563eea7]
VM state: not at safepoint (not fully initialized)

VM Mutex/Monitor currently owned by a thread:  ([mutex/lock_event])
[0x00000179d1f39c50] Heap_lock - owner thread: 0x00000179d1f3c290

Heap address: 0x0000000705c00000, size: 4004 MB, Compressed Oops mode: Zero based, Oop shift amount: 3

CDS archive(s) mapped at: [0x0000000000000000-0x0000000000000000-0x0000000000000000), size 0, SharedBaseAddress: 0x0000000800000000, ArchiveRelocationMode: 1.
Narrow klass base: 0x0000000000000000, Narrow klass shift: 0, Narrow klass range: 0x0

GC Precious Log:
 CardTable entry size: 512
 Card Set container configuration: InlinePtr #cards 4 size 8 Array Of Cards #cards 16 size 48 Howl #buckets 8 coarsen threshold 3686 Howl Bitmap #cards 512 size 80 coarsen threshold 460 Card regions per heap region 1 cards per card region 4096

Heap:
 garbage-first heap   total 0K, used 0K [0x0000000705c00000, 0x0000000800000000)
  region size 2048K, 0 young (0K), 0 survivors (0K)

[error occurred during error reporting (printing heap information), id 0xc0000005, EXCEPTION_ACCESS_VIOLATION (0xc0000005) at pc=0x00007ffdd5a147b9]
GC Heap History (0 events):
No events

Dll operation events (1 events):
Event: 0.010 Loaded shared library C:\Program Files\Java\jdk-20\bin\java.dll

Deoptimization events (0 events):
No events

Classes loaded (0 events):
No events

Classes unloaded (0 events):
No events

Classes redefined (0 events):
No events

Internal exceptions (0 events):
No events

VM Operations (0 events):
No events

Events (0 events):
No events


Dynamic libraries:
0x00007ff7019b0000 - 0x00007ff7019c0000 	C:\Program Files\Java\jdk-20\bin\java.exe
0x00007ffe3f870000 - 0x00007ffe3fa87000 	C:\Windows\SYSTEM32\ntdll.dll
0x00007ffe3df00000 - 0x00007ffe3dfc4000 	C:\Windows\System32\KERNEL32.DLL
0x00007ffe3cca0000 - 0x00007ffe3d046000 	C:\Windows\System32\KERNELBASE.dll
0x00007ffe3d140000 - 0x00007ffe3d251000 	C:\Windows\System32\ucrtbase.dll
0x00007ffe37fd0000 - 0x00007ffe37feb000 	C:\Program Files\Java\jdk-20\bin\VCRUNTIME140.dll
0x00007ffe37ff0000 - 0x00007ffe38009000 	C:\Program Files\Java\jdk-20\bin\jli.dll
0x00007ffe3db40000 - 0x00007ffe3dbf1000 	C:\Windows\System32\ADVAPI32.dll
0x00007ffe3e010000 - 0x00007ffe3e0b7000 	C:\Windows\System32\msvcrt.dll
0x00007ffe3e990000 - 0x00007ffe3ea35000 	C:\Windows\System32\sechost.dll
0x00007ffe3f450000 - 0x00007ffe3f567000 	C:\Windows\System32\RPCRT4.dll
0x00007ffe3f680000 - 0x00007ffe3f82e000 	C:\Windows\System32\USER32.dll
0x00007ffe34700000 - 0x00007ffe34993000 	C:\Windows\WinSxS\amd64_microsoft.windows.common-controls_6595b64144ccf1df_6.0.22621.2506_none_270c5ae97388e100\COMCTL32.dll
0x00007ffe3d260000 - 0x00007ffe3d286000 	C:\Windows\System32\win32u.dll
0x00007ffe3dac0000 - 0x00007ffe3dae9000 	C:\Windows\System32\GDI32.dll
0x00007ffe3d400000 - 0x00007ffe3d518000 	C:\Windows\System32\gdi32full.dll
0x00007ffe3d520000 - 0x00007ffe3d5ba000 	C:\Windows\System32\msvcp_win.dll
0x00007ffe32530000 - 0x00007ffe3253a000 	C:\Windows\SYSTEM32\VERSION.dll
0x00007ffe3dfd0000 - 0x00007ffe3e001000 	C:\Windows\System32\IMM32.DLL
0x00007ffe37f60000 - 0x00007ffe37f6c000 	C:\Program Files\Java\jdk-20\bin\vcruntime140_1.dll
0x00007ffe2cfa0000 - 0x00007ffe2d02e000 	C:\Program Files\Java\jdk-20\bin\msvcp140.dll
0x00007ffdd5300000 - 0x00007ffdd5f98000 	C:\Program Files\Java\jdk-20\bin\server\jvm.dll
0x00007ffe34040000 - 0x00007ffe34074000 	C:\Windows\SYSTEM32\WINMM.dll
0x00007ffe37ec0000 - 0x00007ffe37ec9000 	C:\Windows\SYSTEM32\WSOCK32.dll
0x00007ffe3dc00000 - 0x00007ffe3dc71000 	C:\Windows\System32\WS2_32.dll
0x00007ffe3bca0000 - 0x00007ffe3bcb8000 	C:\Windows\SYSTEM32\kernel.appcore.dll
0x00007ffe35c50000 - 0x00007ffe35c5a000 	C:\Program Files\Java\jdk-20\bin\jimage.dll
0x00007ffe39f30000 - 0x00007ffe3a163000 	C:\Windows\SYSTEM32\DBGHELP.DLL
0x00007ffe3f030000 - 0x00007ffe3f3b9000 	C:\Windows\System32\combase.dll
0x00007ffe3f5a0000 - 0x00007ffe3f677000 	C:\Windows\System32\OLEAUT32.dll
0x00007ffe32050000 - 0x00007ffe32082000 	C:\Windows\SYSTEM32\dbgcore.DLL
0x00007ffe3d0c0000 - 0x00007ffe3d13a000 	C:\Windows\System32\bcryptPrimitives.dll
0x00007ffe35c40000 - 0x00007ffe35c4e000 	C:\Program Files\Java\jdk-20\bin\instrument.dll
0x00007ffe34100000 - 0x00007ffe34126000 	C:\Program Files\Java\jdk-20\bin\java.dll

dbghelp: loaded successfully - version: 4.0.5 - missing functions: none
symbol engine: initialized successfully - sym options: 0x614 - pdb path: .;C:\Program Files\Java\jdk-20\bin;C:\Windows\SYSTEM32;C:\Windows\WinSxS\amd64_microsoft.windows.common-controls_6595b64144ccf1df_6.0.22621.2506_none_270c5ae97388e100;C:\Program Files\Java\jdk-20\bin\server

VM Arguments:
jvm_args: -javaagent:E:\IntelliJ IDEA 2023.2.2\lib\idea_rt.jar=56891:E:\IntelliJ IDEA 2023.2.2\bin -Dfile.encoding=UTF-8 -Dsun.stdout.encoding=UTF-8 -Dsun.stderr.encoding=UTF-8 
java_command: Client.Client
java_class_path (initial): C:\Users\red75\OneDrive\Desktop\Project4\out\production\Client;C:\Users\red75\Downloads\gson-2.10.1.jar;C:\Users\red75\OneDrive\Desktop\Project4\mysql-connector-java-5.1.23-bin.jar;C:\Users\red75\OneDrive\Desktop\Project4\postgresql-42.1.4.jar;C:\Users\red75\OneDrive\Desktop\Project4\sqlite-jdbc-3.7.2.jar;C:\Users\red75\OneDrive\Desktop\Project4\sqljdbc4-2.0.jar
Launcher Type: SUN_STANDARD

[Global flags]
     intx CICompilerCount                          = 12                                        {product} {ergonomic}
     uint ConcGCThreads                            = 4                                         {product} {ergonomic}
     uint G1ConcRefinementThreads                  = 15                                        {product} {ergonomic}
   size_t G1HeapRegionSize                         = 2097152                                   {product} {ergonomic}
    uintx GCDrainStackTargetSize                   = 64                                        {product} {ergonomic}
   size_t InitialHeapSize                          = 264241152                                 {product} {ergonomic}
   size_t MarkStackSize                            = 4194304                                   {product} {ergonomic}
   size_t MaxHeapSize                              = 4198498304                                {product} {ergonomic}
   size_t MinHeapDeltaBytes                        = 2097152                                   {product} {ergonomic}
   size_t MinHeapSize                              = 8388608                                   {product} {ergonomic}
    uintx NonNMethodCodeHeapSize                   = 7602480                                {pd product} {ergonomic}
    uintx NonProfiledCodeHeapSize                  = 122027880                              {pd product} {ergonomic}
    uintx ProfiledCodeHeapSize                     = 122027880                              {pd product} {ergonomic}
    uintx ReservedCodeCacheSize                    = 251658240                              {pd product} {ergonomic}
     bool SegmentedCodeCache                       = true                                      {product} {ergonomic}
   size_t SoftMaxHeapSize                          = 4198498304                             {manageable} {ergonomic}
     bool UseCompressedClassPointers               = true                           {product lp64_product} {ergonomic}
     bool UseCompressedOops                        = true                           {product lp64_product} {ergonomic}
     bool UseG1GC                                  = true                                      {product} {ergonomic}
     bool UseLargePagesIndividualAllocation        = false                                  {pd product} {ergonomic}

Logging:
Log output configuration:
 #0: stdout all=warning uptime,level,tags foldmultilines=false
 #1: stderr all=off uptime,level,tags foldmultilines=false

Environment Variables:
JAVA_HOME=C:\Program Files\Java\jdk-20
PATH=C:\Program Files\Common Files\Oracle\Java\javapath;C:\Program Files (x86)\Common Files\Oracle\Java\javapath;C:\Windows\system32;C:\Windows;C:\Windows\System32\Wbem;C:\Windows\System32\WindowsPowerShell\v1.0\;C:\Windows\System32\OpenSSH\;C:\Program Files (x86)\NVIDIA Corporation\PhysX\Common;C:\Program Files\NVIDIA Corporation\NVIDIA NvDLISR;C:\Program Files\Java\jdk-20\bin;C:\Program Files\dotnet\;C:\Program Files\Git\cmd;C:\Users\red75\AppData\Local\Microsoft\WindowsApps;E:\IntelliJ IDEA 2023.2.2\bin;;C:\Users\red75\AppData\Local\Programs\Microsoft VS Code\bin;C:\Program Files\Java\jdk-20\bin;
USERNAME=yadolahi
OS=Windows_NT
PROCESSOR_IDENTIFIER=Intel64 Family 6 Model 154 Stepping 3, GenuineIntel
TMP=C:\Users\red75\AppData\Local\Temp
TEMP=C:\Users\red75\AppData\Local\Temp




---------------  S Y S T E M  ---------------

OS:
 Windows 11 , 64 bit Build 22621 (10.0.22621.2506)
OS uptime: 2 days 11:52 hours
Hyper-V role detected

CPU: total 20 (initial active 20) (10 cores per cpu, 2 threads per core) family 6 model 154 stepping 3 microcode 0x421, cx8, cmov, fxsr, ht, mmx, 3dnowpref, sse, sse2, sse3, ssse3, sse4.1, sse4.2, popcnt, lzcnt, tsc, tscinvbit, avx, avx2, aes, erms, clmul, bmi1, bmi2, adx, sha, fma, vzeroupper, clflush, clflushopt, clwb, hv, serialize, rdtscp, rdpid, fsrm, f16c, cet_ibt, cet_ss

Memory: 4k page, system-wide physical 16011M (7214M free)
TotalPageFile size 35960M (AvailPageFile size 142M)
current process WorkingSet (physical memory assigned to process): 11M, peak: 11M
current process commit charge ("private bytes"): 75M, peak: 327M

vm_info: Java HotSpot(TM) 64-Bit Server VM (20.0.2+9-78) for windows-amd64 JRE (20.0.2+9-78), built on 2023-06-14T10:08:48Z by "mach5one" with MS VC++ 17.1 (VS2022)

END.
